2021-07-17 13:58:28.492 - INFO - 12732 - azureml.train.automl._local_managed_utils.is_docker_installed:354 - Docker is installed with Docker version 20.10.6, build 370c289
.
2021-07-17 13:58:28.497 - INFO - 12732 - azureml.train.automl.automlconfig._start_execution:163 - No compute target or run config provided. Running local legacy run.
2021-07-17 13:58:28.567 - INFO - 12732 - azureml.train.automl.automlconfig._start_execution:204 - Submitting local legacy run.
2021-07-17 13:58:28.598 - INFO - 12732 - azureml.automl.core.package_utilities._log_activity:55 - ActivityStarted: PackagesCheck
2021-07-17 13:58:28.610 - INFO - 12732 - azureml.automl.core.package_utilities._has_versionconflict_or_not_installed:277 - Package: applicationinsights, Version: 0.11.10 found.
2021-07-17 13:58:28.625 - INFO - 12732 - azureml.automl.core.package_utilities._has_versionconflict_or_not_installed:277 - Package: azureml-core, Version: 1.32.0 found.
2021-07-17 13:58:28.626 - INFO - 12732 - azureml.automl.core.package_utilities._has_versionconflict_or_not_installed:277 - Package: azureml-core, Version: 1.32.0 found.
2021-07-17 13:58:28.628 - INFO - 12732 - azureml.automl.core.package_utilities._has_versionconflict_or_not_installed:277 - Package: azureml-core, Version: 1.32.0 found.
2021-07-17 13:58:28.629 - INFO - 12732 - azureml.automl.core.package_utilities._has_versionconflict_or_not_installed:277 - Package: azureml-train-restclients-hyperdrive, Version: 1.32.0 found.
2021-07-17 13:58:28.630 - INFO - 12732 - azureml.automl.core.package_utilities._has_versionconflict_or_not_installed:277 - Package: azureml-telemetry, Version: 1.32.0 found.
2021-07-17 13:58:28.672 - INFO - 12732 - azureml.automl.core.package_utilities._has_versionconflict_or_not_installed:277 - Package: azureml-core, Version: 1.32.0 found.
2021-07-17 13:58:28.673 - INFO - 12732 - azureml.automl.core.package_utilities._has_versionconflict_or_not_installed:277 - Package: ipywidgets, Version: 7.5.1 found.
2021-07-17 13:58:28.675 - INFO - 12732 - azureml.automl.core.package_utilities._has_versionconflict_or_not_installed:277 - Package: azureml-telemetry, Version: 1.32.0 found.
2021-07-17 13:58:28.676 - INFO - 12732 - azureml.automl.core.package_utilities._has_versionconflict_or_not_installed:277 - Package: azure-storage-blob, Version: 12.8.1 found.
2021-07-17 13:58:28.677 - INFO - 12732 - azureml.automl.core.package_utilities._has_versionconflict_or_not_installed:277 - Package: azureml-dataset-runtime, Version: 1.32.0 found.
2021-07-17 13:58:28.678 - INFO - 12732 - azureml.automl.core.package_utilities._has_versionconflict_or_not_installed:277 - Package: azureml-core, Version: 1.32.0 found.
2021-07-17 13:58:28.680 - INFO - 12732 - azureml.automl.core.package_utilities._has_versionconflict_or_not_installed:277 - Package: azureml-automl-core, Version: 1.32.0 found.
2021-07-17 13:58:28.681 - INFO - 12732 - azureml.automl.core.package_utilities._has_versionconflict_or_not_installed:277 - Package: azureml-telemetry, Version: 1.32.0 found.
2021-07-17 13:58:28.682 - INFO - 12732 - azureml.automl.core.package_utilities._has_versionconflict_or_not_installed:277 - Package: cloudpickle, Version: 1.6.0 found.
2021-07-17 13:58:28.683 - INFO - 12732 - azureml.automl.core.package_utilities._has_versionconflict_or_not_installed:277 - Package: azureml-dataprep-rslex, Version: 1.16.1 found.
2021-07-17 13:58:28.685 - INFO - 12732 - azureml.automl.core.package_utilities._has_versionconflict_or_not_installed:277 - Package: azure-identity, Version: 1.4.1 found.
2021-07-17 13:58:28.686 - INFO - 12732 - azureml.automl.core.package_utilities._has_versionconflict_or_not_installed:277 - Package: azureml-dataprep-native, Version: 36.0.0 found.
2021-07-17 13:58:28.687 - INFO - 12732 - azureml.automl.core.package_utilities._has_versionconflict_or_not_installed:277 - Package: dotnetcore2, Version: 2.1.21 found.
2021-07-17 13:58:28.689 - INFO - 12732 - azureml.automl.core.package_utilities._has_versionconflict_or_not_installed:277 - Package: requests, Version: 2.24.0 found.
2021-07-17 13:58:28.690 - INFO - 12732 - azureml.automl.core.package_utilities._has_versionconflict_or_not_installed:277 - Package: msrestazure, Version: 0.6.4 found.
2021-07-17 13:58:28.691 - INFO - 12732 - azureml.automl.core.package_utilities._has_versionconflict_or_not_installed:277 - Package: msrest, Version: 0.6.21 found.
2021-07-17 13:58:28.700 - INFO - 12732 - azureml.automl.core.package_utilities._has_versionconflict_or_not_installed:277 - Package: azureml-pipeline-core, Version: 1.32.0 found.
2021-07-17 13:58:28.702 - INFO - 12732 - azureml.automl.core.package_utilities._has_versionconflict_or_not_installed:277 - Package: azureml-train-automl-client, Version: 1.32.0 found.
2021-07-17 13:58:28.703 - INFO - 12732 - azureml.automl.core.package_utilities._has_versionconflict_or_not_installed:277 - Package: azureml-train-core, Version: 1.32.0 found.
2021-07-17 13:58:28.704 - INFO - 12732 - azureml.automl.core.package_utilities._has_versionconflict_or_not_installed:277 - Package: azureml-dataset-runtime, Version: 1.32.0 found.
2021-07-17 13:58:28.705 - INFO - 12732 - azureml.automl.core.package_utilities._has_versionconflict_or_not_installed:277 - Package: azureml-telemetry, Version: 1.32.0 found.
2021-07-17 13:58:28.706 - INFO - 12732 - azureml.automl.core.package_utilities._has_versionconflict_or_not_installed:277 - Package: secretstorage, Version: 3.3.1 found.
2021-07-17 13:58:28.708 - INFO - 12732 - azureml.automl.core.package_utilities._has_versionconflict_or_not_installed:277 - Package: msrest, Version: 0.6.21 found.
2021-07-17 13:58:28.709 - INFO - 12732 - azureml.automl.core.package_utilities._has_versionconflict_or_not_installed:277 - Package: jmespath, Version: 0.10.0 found.
2021-07-17 13:58:28.710 - INFO - 12732 - azureml.automl.core.package_utilities._has_versionconflict_or_not_installed:277 - Package: azure-mgmt-authorization, Version: 0.61.0 found.
2021-07-17 13:58:28.711 - INFO - 12732 - azureml.automl.core.package_utilities._has_versionconflict_or_not_installed:277 - Package: requests, Version: 2.24.0 found.
2021-07-17 13:58:28.712 - INFO - 12732 - azureml.automl.core.package_utilities._has_versionconflict_or_not_installed:277 - Package: azure-graphrbac, Version: 0.61.1 found.
2021-07-17 13:58:28.713 - INFO - 12732 - azureml.automl.core.package_utilities._has_versionconflict_or_not_installed:277 - Package: python-dateutil, Version: 2.8.2 found.
2021-07-17 13:58:28.715 - INFO - 12732 - azureml.automl.core.package_utilities._has_versionconflict_or_not_installed:277 - Package: adal, Version: 1.2.7 found.
2021-07-17 13:58:28.716 - INFO - 12732 - azureml.automl.core.package_utilities._has_versionconflict_or_not_installed:277 - Package: pytz, Version: 2021.1 found.
2021-07-17 13:58:28.717 - INFO - 12732 - azureml.automl.core.package_utilities._has_versionconflict_or_not_installed:277 - Package: pyjwt, Version: 2.1.0 found.
2021-07-17 13:58:28.718 - INFO - 12732 - azureml.automl.core.package_utilities._has_versionconflict_or_not_installed:277 - Package: pathspec, Version: 0.8.1 found.
2021-07-17 13:58:28.719 - INFO - 12732 - azureml.automl.core.package_utilities._has_versionconflict_or_not_installed:277 - Package: ndg-httpsclient, Version: 0.5.1 found.
2021-07-17 13:58:28.720 - INFO - 12732 - azureml.automl.core.package_utilities._has_versionconflict_or_not_installed:277 - Package: jsonpickle, Version: 2.0.0 found.
2021-07-17 13:58:28.722 - INFO - 12732 - azureml.automl.core.package_utilities._has_versionconflict_or_not_installed:277 - Package: azure-mgmt-storage, Version: 11.2.0 found.
2021-07-17 13:58:28.723 - INFO - 12732 - azureml.automl.core.package_utilities._has_versionconflict_or_not_installed:277 - Package: azure-common, Version: 1.1.27 found.
2021-07-17 13:58:28.724 - INFO - 12732 - azureml.automl.core.package_utilities._has_versionconflict_or_not_installed:277 - Package: ruamel.yaml, Version: 0.17.4 found.
2021-07-17 13:58:28.725 - INFO - 12732 - azureml.automl.core.package_utilities._has_versionconflict_or_not_installed:277 - Package: backports.tempfile, Version: 1.0 found.
2021-07-17 13:58:28.726 - INFO - 12732 - azureml.automl.core.package_utilities._has_versionconflict_or_not_installed:277 - Package: pyopenssl, Version: 20.0.1 found.
2021-07-17 13:58:28.729 - INFO - 12732 - azureml.automl.core.package_utilities._has_versionconflict_or_not_installed:277 - Package: azure-mgmt-resource, Version: 13.0.0 found.
2021-07-17 13:58:28.730 - INFO - 12732 - azureml.automl.core.package_utilities._has_versionconflict_or_not_installed:277 - Package: msrestazure, Version: 0.6.4 found.
2021-07-17 13:58:28.731 - INFO - 12732 - azureml.automl.core.package_utilities._has_versionconflict_or_not_installed:277 - Package: urllib3, Version: 1.25.11 found.
2021-07-17 13:58:28.732 - INFO - 12732 - azureml.automl.core.package_utilities._has_versionconflict_or_not_installed:277 - Package: azure-mgmt-keyvault, Version: 9.0.0 found.
2021-07-17 13:58:28.734 - INFO - 12732 - azureml.automl.core.package_utilities._has_versionconflict_or_not_installed:277 - Package: docker, Version: 4.4.4 found.
2021-07-17 13:58:28.736 - INFO - 12732 - azureml.automl.core.package_utilities._has_versionconflict_or_not_installed:277 - Package: contextlib2, Version: 0.6.0.post1 found.
2021-07-17 13:58:28.737 - INFO - 12732 - azureml.automl.core.package_utilities._has_versionconflict_or_not_installed:277 - Package: azure-mgmt-containerregistry, Version: 8.0.0 found.
2021-07-17 13:58:28.738 - INFO - 12732 - azureml.automl.core.package_utilities._has_versionconflict_or_not_installed:277 - Package: cryptography, Version: 3.4.7 found.
2021-07-17 13:58:28.744 - INFO - 12732 - azureml.automl.core.package_utilities._get_validated_requirements:361 - Verified requirements file validated_win32_requirements.txt found.
2021-07-17 13:59:02.006 - INFO - 12732 - azureml.automl.core.package_utilities._has_versionconflict_or_not_installed:277 - Package: adal, Version: 1.2.7 found.
2021-07-17 13:59:02.009 - INFO - 12732 - azureml.automl.core.package_utilities._has_versionconflict_or_not_installed:277 - Package: applicationinsights, Version: 0.11.10 found.
2021-07-17 13:59:02.049 - WARNING - 12732 - azureml.automl.core.package_utilities._get_unverified_dependencies:301 - Package argcomplete missing from working set.
2021-07-17 13:59:02.051 - INFO - 12732 - azureml.automl.core.package_utilities._has_versionconflict_or_not_installed:277 - Package: azure-common, Version: 1.1.27 found.
2021-07-17 13:59:02.052 - WARNING - 12732 - azureml.automl.core.package_utilities._has_versionconflict_or_not_installed:282 - Package: azure-core, Version: 1.16.0 found.
2021-07-17 13:59:02.052 - ERROR - 12732 - azureml.automl.core.package_utilities._get_unverified_dependencies:311 - found incompatible requirement azure-core 1.16.0 but expected azure-core<=1.15.0.
2021-07-17 13:59:02.053 - INFO - 12732 - azureml.automl.core.package_utilities._has_versionconflict_or_not_installed:277 - Package: azure-graphrbac, Version: 0.61.1 found.
2021-07-17 13:59:02.054 - INFO - 12732 - azureml.automl.core.package_utilities._has_versionconflict_or_not_installed:277 - Package: azure-identity, Version: 1.4.1 found.
2021-07-17 13:59:02.055 - INFO - 12732 - azureml.automl.core.package_utilities._has_versionconflict_or_not_installed:277 - Package: azure-mgmt-authorization, Version: 0.61.0 found.
2021-07-17 13:59:02.056 - INFO - 12732 - azureml.automl.core.package_utilities._has_versionconflict_or_not_installed:277 - Package: azure-mgmt-containerregistry, Version: 8.0.0 found.
2021-07-17 13:59:02.057 - WARNING - 12732 - azureml.automl.core.package_utilities._has_versionconflict_or_not_installed:282 - Package: azure-mgmt-core, Version: 1.3.0 found.
2021-07-17 13:59:02.058 - ERROR - 12732 - azureml.automl.core.package_utilities._get_unverified_dependencies:311 - found incompatible requirement azure-mgmt-core 1.3.0 but expected azure-mgmt-core<=1.2.2.
2021-07-17 13:59:02.059 - INFO - 12732 - azureml.automl.core.package_utilities._has_versionconflict_or_not_installed:277 - Package: azure-mgmt-keyvault, Version: 9.0.0 found.
2021-07-17 13:59:02.060 - INFO - 12732 - azureml.automl.core.package_utilities._has_versionconflict_or_not_installed:277 - Package: azure-mgmt-resource, Version: 13.0.0 found.
2021-07-17 13:59:02.061 - INFO - 12732 - azureml.automl.core.package_utilities._has_versionconflict_or_not_installed:277 - Package: azure-mgmt-storage, Version: 11.2.0 found.
2021-07-17 13:59:02.082 - WARNING - 12732 - azureml.automl.core.package_utilities._get_unverified_dependencies:301 - Package azure-storage-queue missing from working set.
2021-07-17 13:59:02.111 - INFO - 12732 - azureml.automl.core.package_utilities._has_versionconflict_or_not_installed:277 - Package: backports.tempfile, Version: 1.0 found.
2021-07-17 13:59:02.112 - INFO - 12732 - azureml.automl.core.package_utilities._has_versionconflict_or_not_installed:277 - Package: backports.weakref, Version: 1.0.post1 found.
2021-07-17 13:59:02.113 - WARNING - 12732 - azureml.automl.core.package_utilities._get_unverified_dependencies:301 - Package boto3 missing from working set.
2021-07-17 13:59:02.113 - WARNING - 12732 - azureml.automl.core.package_utilities._get_unverified_dependencies:301 - Package botocore missing from working set.
2021-07-17 13:59:02.114 - WARNING - 12732 - azureml.automl.core.package_utilities._get_unverified_dependencies:301 - Package cachetools missing from working set.
2021-07-17 13:59:02.127 - WARNING - 12732 - azureml.automl.core.package_utilities._get_unverified_dependencies:301 - Package configparser missing from working set.
2021-07-17 13:59:02.128 - WARNING - 12732 - azureml.automl.core.package_utilities._get_unverified_dependencies:301 - Package Cython missing from working set.
2021-07-17 13:59:02.129 - WARNING - 12732 - azureml.automl.core.package_utilities._get_unverified_dependencies:301 - Package dill missing from working set.
2021-07-17 13:59:02.130 - INFO - 12732 - azureml.automl.core.package_utilities._has_versionconflict_or_not_installed:277 - Package: distro, Version: 1.5.0 found.
2021-07-17 13:59:02.173 - INFO - 12732 - azureml.automl.core.package_utilities._has_versionconflict_or_not_installed:277 - Package: docker, Version: 4.4.4 found.
2021-07-17 13:59:02.174 - INFO - 12732 - azureml.automl.core.package_utilities._has_versionconflict_or_not_installed:277 - Package: dotnetcore2, Version: 2.1.21 found.
2021-07-17 13:59:02.175 - WARNING - 12732 - azureml.automl.core.package_utilities._get_unverified_dependencies:301 - Package fire missing from working set.
2021-07-17 13:59:02.176 - WARNING - 12732 - azureml.automl.core.package_utilities._get_unverified_dependencies:301 - Package Flask missing from working set.
2021-07-17 13:59:02.176 - WARNING - 12732 - azureml.automl.core.package_utilities._get_unverified_dependencies:301 - Package flatbuffers missing from working set.
2021-07-17 13:59:02.190 - INFO - 12732 - azureml.automl.core.package_utilities._has_versionconflict_or_not_installed:277 - Package: fusepy, Version: 3.0.1 found.
2021-07-17 13:59:02.192 - WARNING - 12732 - azureml.automl.core.package_utilities._get_unverified_dependencies:301 - Package gensim missing from working set.
2021-07-17 13:59:02.196 - WARNING - 12732 - azureml.automl.core.package_utilities._get_unverified_dependencies:301 - Package google-api-core missing from working set.
2021-07-17 13:59:02.206 - WARNING - 12732 - azureml.automl.core.package_utilities._get_unverified_dependencies:301 - Package google-auth missing from working set.
2021-07-17 13:59:02.207 - WARNING - 12732 - azureml.automl.core.package_utilities._get_unverified_dependencies:301 - Package googleapis-common-protos missing from working set.
2021-07-17 13:59:02.209 - WARNING - 12732 - azureml.automl.core.package_utilities._get_unverified_dependencies:301 - Package gunicorn missing from working set.
2021-07-17 13:59:02.213 - WARNING - 12732 - azureml.automl.core.package_utilities._get_unverified_dependencies:301 - Package interpret-community missing from working set.
2021-07-17 13:59:02.214 - WARNING - 12732 - azureml.automl.core.package_utilities._get_unverified_dependencies:301 - Package interpret-core missing from working set.
2021-07-17 13:59:02.216 - INFO - 12732 - azureml.automl.core.package_utilities._has_versionconflict_or_not_installed:277 - Package: isodate, Version: 0.6.0 found.
2021-07-17 13:59:02.218 - WARNING - 12732 - azureml.automl.core.package_utilities._has_versionconflict_or_not_installed:282 - Package: jeepney, Version: 0.7.0 found.
2021-07-17 13:59:02.222 - ERROR - 12732 - azureml.automl.core.package_utilities._get_unverified_dependencies:311 - found incompatible requirement jeepney 0.7.0 but expected jeepney<=0.6.0.
2021-07-17 13:59:02.224 - WARNING - 12732 - azureml.automl.core.package_utilities._get_unverified_dependencies:301 - Package Jinja2 missing from working set.
2021-07-17 13:59:02.227 - INFO - 12732 - azureml.automl.core.package_utilities._has_versionconflict_or_not_installed:277 - Package: jmespath, Version: 0.10.0 found.
2021-07-17 13:59:02.228 - WARNING - 12732 - azureml.automl.core.package_utilities._get_unverified_dependencies:301 - Package json-logging-py missing from working set.
2021-07-17 13:59:02.229 - INFO - 12732 - azureml.automl.core.package_utilities._has_versionconflict_or_not_installed:277 - Package: jsonpickle, Version: 2.0.0 found.
2021-07-17 13:59:02.230 - WARNING - 12732 - azureml.automl.core.package_utilities._get_unverified_dependencies:301 - Package keras2onnx missing from working set.
2021-07-17 13:59:02.231 - WARNING - 12732 - azureml.automl.core.package_utilities._get_unverified_dependencies:301 - Package liac-arff missing from working set.
2021-07-17 13:59:02.231 - WARNING - 12732 - azureml.automl.core.package_utilities._get_unverified_dependencies:301 - Package lightgbm missing from working set.
2021-07-17 13:59:02.232 - WARNING - 12732 - azureml.automl.core.package_utilities._get_unverified_dependencies:301 - Package MarkupSafe missing from working set.
2021-07-17 13:59:02.233 - INFO - 12732 - azureml.automl.core.package_utilities._has_versionconflict_or_not_installed:277 - Package: msal, Version: 1.12.0 found.
2021-07-17 13:59:02.238 - INFO - 12732 - azureml.automl.core.package_utilities._has_versionconflict_or_not_installed:277 - Package: msal-extensions, Version: 0.2.2 found.
2021-07-17 13:59:02.241 - INFO - 12732 - azureml.automl.core.package_utilities._has_versionconflict_or_not_installed:277 - Package: msrest, Version: 0.6.21 found.
2021-07-17 13:59:02.242 - INFO - 12732 - azureml.automl.core.package_utilities._has_versionconflict_or_not_installed:277 - Package: msrestazure, Version: 0.6.4 found.
2021-07-17 13:59:02.244 - INFO - 12732 - azureml.automl.core.package_utilities._has_versionconflict_or_not_installed:277 - Package: ndg-httpsclient, Version: 0.5.1 found.
2021-07-17 13:59:02.247 - WARNING - 12732 - azureml.automl.core.package_utilities._get_unverified_dependencies:301 - Package nimbusml missing from working set.
2021-07-17 13:59:02.249 - WARNING - 12732 - azureml.automl.core.package_utilities._has_versionconflict_or_not_installed:282 - Package: numpy, Version: 1.19.0 found.
2021-07-17 13:59:02.252 - ERROR - 12732 - azureml.automl.core.package_utilities._get_unverified_dependencies:311 - found incompatible requirement numpy 1.19.0 but expected numpy<=1.18.5.
2021-07-17 13:59:02.259 - INFO - 12732 - azureml.automl.core.package_utilities._has_versionconflict_or_not_installed:277 - Package: oauthlib, Version: 3.1.1 found.
2021-07-17 13:59:02.262 - WARNING - 12732 - azureml.automl.core.package_utilities._get_unverified_dependencies:301 - Package onnx missing from working set.
2021-07-17 13:59:02.265 - WARNING - 12732 - azureml.automl.core.package_utilities._get_unverified_dependencies:301 - Package onnxconverter-common missing from working set.
2021-07-17 13:59:02.266 - WARNING - 12732 - azureml.automl.core.package_utilities._get_unverified_dependencies:301 - Package onnxmltools missing from working set.
2021-07-17 13:59:02.274 - WARNING - 12732 - azureml.automl.core.package_utilities._get_unverified_dependencies:301 - Package onnxruntime missing from working set.
2021-07-17 13:59:02.276 - WARNING - 12732 - azureml.automl.core.package_utilities._get_unverified_dependencies:301 - Package opencensus missing from working set.
2021-07-17 13:59:02.278 - WARNING - 12732 - azureml.automl.core.package_utilities._get_unverified_dependencies:301 - Package opencensus-context missing from working set.
2021-07-17 13:59:02.280 - WARNING - 12732 - azureml.automl.core.package_utilities._get_unverified_dependencies:301 - Package opencensus-ext-azure missing from working set.
2021-07-17 13:59:02.282 - WARNING - 12732 - azureml.automl.core.package_utilities._has_versionconflict_or_not_installed:282 - Package: pandas, Version: 1.0.0 found.
2021-07-17 13:59:02.285 - ERROR - 12732 - azureml.automl.core.package_utilities._get_unverified_dependencies:311 - found incompatible requirement pandas 1.0.0 but expected pandas<=0.25.3.
2021-07-17 13:59:02.287 - INFO - 12732 - azureml.automl.core.package_utilities._has_versionconflict_or_not_installed:277 - Package: pathspec, Version: 0.8.1 found.
2021-07-17 13:59:02.288 - WARNING - 12732 - azureml.automl.core.package_utilities._get_unverified_dependencies:301 - Package pipx missing from working set.
2021-07-17 13:59:02.289 - WARNING - 12732 - azureml.automl.core.package_utilities._get_unverified_dependencies:301 - Package pmdarima missing from working set.
2021-07-17 13:59:02.291 - INFO - 12732 - azureml.automl.core.package_utilities._has_versionconflict_or_not_installed:277 - Package: portalocker, Version: 1.7.1 found.
2021-07-17 13:59:02.293 - WARNING - 12732 - azureml.automl.core.package_utilities._get_unverified_dependencies:301 - Package protobuf missing from working set.
2021-07-17 13:59:02.294 - WARNING - 12732 - azureml.automl.core.package_utilities._get_unverified_dependencies:301 - Package py-cpuinfo missing from working set.
2021-07-17 13:59:02.295 - INFO - 12732 - azureml.automl.core.package_utilities._has_versionconflict_or_not_installed:277 - Package: pyarrow, Version: 3.0.0 found.
2021-07-17 13:59:02.296 - INFO - 12732 - azureml.automl.core.package_utilities._has_versionconflict_or_not_installed:277 - Package: pyasn1, Version: 0.4.8 found.
2021-07-17 13:59:02.297 - WARNING - 12732 - azureml.automl.core.package_utilities._get_unverified_dependencies:301 - Package pyasn1-modules missing from working set.
2021-07-17 13:59:02.298 - WARNING - 12732 - azureml.automl.core.package_utilities._get_unverified_dependencies:301 - Package PyJWT missing from working set.
2021-07-17 13:59:02.305 - WARNING - 12732 - azureml.automl.core.package_utilities._get_unverified_dependencies:301 - Package pyOpenSSL missing from working set.
2021-07-17 13:59:02.308 - INFO - 12732 - azureml.automl.core.package_utilities._has_versionconflict_or_not_installed:277 - Package: requests-oauthlib, Version: 1.3.0 found.
2021-07-17 13:59:02.309 - WARNING - 12732 - azureml.automl.core.package_utilities._get_unverified_dependencies:301 - Package rsa missing from working set.
2021-07-17 13:59:02.310 - INFO - 12732 - azureml.automl.core.package_utilities._has_versionconflict_or_not_installed:277 - Package: ruamel.yaml, Version: 0.17.4 found.
2021-07-17 13:59:02.311 - WARNING - 12732 - azureml.automl.core.package_utilities._has_versionconflict_or_not_installed:282 - Package: ruamel.yaml.clib, Version: 0.2.6 found.
2021-07-17 13:59:02.312 - ERROR - 12732 - azureml.automl.core.package_utilities._get_unverified_dependencies:311 - found incompatible requirement ruamel.yaml.clib 0.2.6 but expected ruamel.yaml.clib<=0.2.4.
2021-07-17 13:59:02.313 - WARNING - 12732 - azureml.automl.core.package_utilities._get_unverified_dependencies:301 - Package s3transfer missing from working set.
2021-07-17 13:59:02.319 - INFO - 12732 - azureml.automl.core.package_utilities._has_versionconflict_or_not_installed:277 - Package: scipy, Version: 1.4.1 found.
2021-07-17 13:59:02.321 - WARNING - 12732 - azureml.automl.core.package_utilities._get_unverified_dependencies:301 - Package SecretStorage missing from working set.
2021-07-17 13:59:02.322 - WARNING - 12732 - azureml.automl.core.package_utilities._get_unverified_dependencies:301 - Package shap missing from working set.
2021-07-17 13:59:02.324 - WARNING - 12732 - azureml.automl.core.package_utilities._get_unverified_dependencies:301 - Package skl2onnx missing from working set.
2021-07-17 13:59:02.325 - WARNING - 12732 - azureml.automl.core.package_utilities._get_unverified_dependencies:301 - Package sklearn-pandas missing from working set.
2021-07-17 13:59:02.326 - WARNING - 12732 - azureml.automl.core.package_utilities._get_unverified_dependencies:301 - Package slicer missing from working set.
2021-07-17 13:59:02.326 - WARNING - 12732 - azureml.automl.core.package_utilities._get_unverified_dependencies:301 - Package smart-open missing from working set.
2021-07-17 13:59:02.327 - WARNING - 12732 - azureml.automl.core.package_utilities._get_unverified_dependencies:301 - Package termcolor missing from working set.
2021-07-17 13:59:02.328 - INFO - 12732 - azureml.automl.core.package_utilities._has_versionconflict_or_not_installed:277 - Package: urllib3, Version: 1.25.11 found.
2021-07-17 13:59:02.329 - WARNING - 12732 - azureml.automl.core.package_utilities._get_unverified_dependencies:301 - Package userpath missing from working set.
2021-07-17 13:59:02.331 - INFO - 12732 - azureml.automl.core.package_utilities._has_versionconflict_or_not_installed:277 - Package: websocket-client, Version: 1.1.0 found.
2021-07-17 13:59:02.332 - WARNING - 12732 - azureml.automl.core.package_utilities._get_unverified_dependencies:301 - Package Werkzeug missing from working set.
2021-07-17 13:59:02.333 - INFO - 12732 - azureml.automl.core.package_utilities._get_unverified_dependencies:316 - User has the following compatible packages installed:
adal==1.2.7
applicationinsights==0.11.10
azure-common==1.1.27
azure-graphrbac==0.61.1
azure-identity==1.4.1
azure-mgmt-authorization==0.61.0
azure-mgmt-containerregistry==8.0.0
azure-mgmt-keyvault==9.0.0
azure-mgmt-resource==13.0.0
azure-mgmt-storage==11.2.0
backports.tempfile==1.0
backports.weakref==1.0.post1
distro==1.5.0
docker==4.4.4
dotnetcore2==2.1.21
fusepy==3.0.1
isodate==0.6.0
jmespath==0.10.0
jsonpickle==2.0.0
msal==1.12.0
msal-extensions==0.2.2
msrest==0.6.21
msrestazure==0.6.4
ndg-httpsclient==0.5.1
oauthlib==3.1.1
pathspec==0.8.1
portalocker==1.7.1
pyarrow==3.0.0
pyasn1==0.4.8
requests-oauthlib==1.3.0
ruamel.yaml==0.17.4
scipy==1.4.1
urllib3==1.25.11
websocket-client==1.1.0
2021-07-17 13:59:02.335 - WARNING - 12732 - azureml.automl.core.package_utilities._get_unverified_dependencies:320 - Skipping package validation check for non pypi packages:
boto==2.49.0
certifi==2021.5.30
cffi==1.14.6
chardet==3.0.4
click==8.0.1
cloudpickle==1.6.0
colorama==0.4.4
contextlib2==0.6.0.post1
cryptography==3.4.7
idna==2.10
importlib-metadata==3.10.0
itsdangerous==2.0.1
joblib==1.0.1
llvmlite==0.36.0
numba==0.53.1
packaging==21.0
patsy==0.5.1
psutil==5.8.0
pycparser==2.20
pyparsing==2.4.7
python-dateutil==2.8.2
pytz==2021.1
pywin32==227
requests==2.24.0
scikit-learn==0.24.2
six==1.16.0
statsmodels==0.12.2
tqdm==4.61.2
typing-extensions==3.10.0.0
zipp==3.5.0
2021-07-17 13:59:02.353 - CRITICAL - 12732 - azureml.automl.core.package_utilities.log_traceback:227 - Type: IncompatibleOrMissingDependency
Class: ValidationException
Message: ValidationException:
	Message: Install the required versions of packages using the requirements file. Requirements file location: C:\Users\User\anaconda3\lib\site-packages\azureml\automl\core\validated_win32_requirements.txt. Alternatively, use remote target to avoid dependency management. 
Required version/Installed version
azure-core<=1.15.0/azure-core 1.16.0
azure-mgmt-core<=1.2.2/azure-mgmt-core 1.3.0
jeepney<=0.6.0/jeepney 0.7.0
numpy<=1.18.5/numpy 1.19.0
pandas<=0.25.3/pandas 1.0.0
ruamel.yaml.clib<=0.2.4/ruamel.yaml.clib 0.2.6
	InnerException: None
	ErrorResponse 
{
    "error": {
        "code": "UserError",
        "message": "Install the required versions of packages using the requirements file. Requirements file location: C:\\Users\\User\\anaconda3\\lib\\site-packages\\azureml\\automl\\core\\validated_win32_requirements.txt. Alternatively, use remote target to avoid dependency management. \nRequired version/Installed version\nazure-core<=1.15.0/azure-core 1.16.0\nazure-mgmt-core<=1.2.2/azure-mgmt-core 1.3.0\njeepney<=0.6.0/jeepney 0.7.0\nnumpy<=1.18.5/numpy 1.19.0\npandas<=0.25.3/pandas 1.0.0\nruamel.yaml.clib<=0.2.4/ruamel.yaml.clib 0.2.6",
        "inner_error": {
            "code": "NotSupported",
            "inner_error": {
                "code": "IncompatibleOrMissingDependency"
            }
        },
        "reference_code": "65e7ad52-ad1f-4915-85ad-440d0a5e221f"
    }
}
Traceback:
  File "telemetry_activity_logger.py", line 58, in _log_activity
    yield
  File "package_utilities.py", line 471, in _get_package_incompatibilities
    raise ValidationException._with_error(

ExceptionTarget: Unspecified
2021-07-17 13:59:02.354 - INFO - 12732 - azureml.automl.core.package_utilities._log_activity:89 - ActivityCompleted: Activity=PackagesCheck, HowEnded=Failure, Duration=33755.39[ms]
